procs = 1 gpus = 1
% MAGMA 2.7.1 svn 32-bit magma_int_t, 64-bit pointer.
% Compiled with CUDA support for 7.0
% CUDA runtime 11060, driver 11070. OpenMP threads 1. 
% device 0: Tesla V100-PCIE-16GB, 1380.0 MHz clock, 16160.7 MiB memory, capability 7.0
% Tue Apr 18 14:47:59 2023
Warmup MPI...
Matrix size: 3000000x300
Step = 0/10
Departure from orthogonality before re-orthogonalizing: 0.239275
Orthogonalized A
Iterative solve took 5 iterations
Orthogonality check A
Departure from orthogonality after re-orthogonalizing: 5.62479e-15
Step = 1/10
Departure from orthogonality before re-orthogonalizing: 0.239275
Orthogonalized A
Iterative solve took 5 iterations
Orthogonality check A
Departure from orthogonality after re-orthogonalizing: 5.62479e-15
Step = 2/10
Departure from orthogonality before re-orthogonalizing: 0.239275
Orthogonalized A
Iterative solve took 5 iterations
Orthogonality check A
Departure from orthogonality after re-orthogonalizing: 5.62479e-15
Step = 3/10
Departure from orthogonality before re-orthogonalizing: 0.239275
Orthogonalized A
Iterative solve took 5 iterations
Orthogonality check A
Departure from orthogonality after re-orthogonalizing: 5.62479e-15
Step = 4/10
Departure from orthogonality before re-orthogonalizing: 0.239275
Orthogonalized A
Iterative solve took 5 iterations
Orthogonality check A
Departure from orthogonality after re-orthogonalizing: 5.62479e-15
Step = 5/10
Departure from orthogonality before re-orthogonalizing: 0.239275
Orthogonalized A
Iterative solve took 5 iterations
Orthogonality check A
Departure from orthogonality after re-orthogonalizing: 5.62479e-15
Step = 6/10
Departure from orthogonality before re-orthogonalizing: 0.239275
Orthogonalized A
Iterative solve took 5 iterations
Orthogonality check A
Departure from orthogonality after re-orthogonalizing: 5.62479e-15
Step = 7/10
Departure from orthogonality before re-orthogonalizing: 0.239275
Orthogonalized A
Iterative solve took 5 iterations
Orthogonality check A
Departure from orthogonality after re-orthogonalizing: 5.62479e-15
Step = 8/10
Departure from orthogonality before re-orthogonalizing: 0.239275
Orthogonalized A
Iterative solve took 5 iterations
Orthogonality check A
Departure from orthogonality after re-orthogonalizing: 5.62479e-15
Step = 9/10
Departure from orthogonality before re-orthogonalizing: 0.239275
Orthogonalized A
Iterative solve took 5 iterations
Orthogonality check A
Departure from orthogonality after re-orthogonalizing: 5.62479e-15
Timer: matrix_ortho                                      5.70e+01  / 5.70e+01  / 5.70e+01  / 1       / 1       / 1      
Timer: Replicated::allreduce                             1.69e-03  / 1.69e-03  / 1.69e-03  / 10      / 10      / 10     
Timer: Replicated::host_device_transfer                  3.71e-03  / 3.71e-03  / 3.71e-03  / 20      / 20      / 20     
Timer: Replicated::memory_initialization                 1.63e-04  / 1.63e-04  / 1.63e-04  / 10      / 10      / 10     
Timer: Replicated::host_array_allocation                 1.19e-05  / 1.19e-05  / 1.19e-05  / 10      / 10      / 10     
Timer: Replicated::pre_rescale                           7.40e-03  / 7.40e-03  / 7.40e-03  / 10      / 10      / 10     
Timer: Replicated::post_rescale                          6.52e-03  / 6.52e-03  / 6.52e-03  / 10      / 10      / 10     
Timer: Replicated::single_schulz_delta                   2.01e-02  / 2.01e-02  / 2.01e-02  / 10      / 10      / 10     
Timer: Matrix::compute_aTa                               7.96e+00  / 7.96e+00  / 7.96e+00  / 10      / 10      / 10     
Timer: Matrix::matrix_matrix_multiply                    1.02e+00  / 1.02e+00  / 1.02e+00  / 10      / 10      / 10     
Timer: Matrix::ortho                                     9.04e+00  / 9.04e+00  / 9.04e+00  / 10      / 10      / 10     
procs = 2 gpus = 2
% MAGMA 2.7.1 svn 32-bit magma_int_t, 64-bit pointer.
% Compiled with CUDA support for 7.0
% CUDA runtime 11060, driver 11070. OpenMP threads 2. 
% device 0: Tesla V100-PCIE-16GB, 1380.0 MHz clock, 16160.7 MiB memory, capability 7.0
% device 1: Tesla V100-PCIE-16GB, 1380.0 MHz clock, 16160.7 MiB memory, capability 7.0
% Tue Apr 18 14:48:57 2023
Warmup MPI...
Matrix size: 3000000x300
Step = 0/10
Departure from orthogonality before re-orthogonalizing: 0.239275
Orthogonalized A
Iterative solve took 5 iterations
Orthogonality check A
Departure from orthogonality after re-orthogonalizing: 1.6432e-14
Step = 1/10
Departure from orthogonality before re-orthogonalizing: 0.239275
Orthogonalized A
Iterative solve took 5 iterations
Orthogonality check A
Departure from orthogonality after re-orthogonalizing: 1.6432e-14
Step = 2/10
Departure from orthogonality before re-orthogonalizing: 0.239275
Orthogonalized A
Iterative solve took 5 iterations
Orthogonality check A
Departure from orthogonality after re-orthogonalizing: 1.6432e-14
Step = 3/10
Departure from orthogonality before re-orthogonalizing: 0.239275
Orthogonalized A
Iterative solve took 5 iterations
Orthogonality check A
Departure from orthogonality after re-orthogonalizing: 1.6432e-14
Step = 4/10
Departure from orthogonality before re-orthogonalizing: 0.239275
Orthogonalized A
Iterative solve took 5 iterations
Orthogonality check A
Departure from orthogonality after re-orthogonalizing: 1.6432e-14
Step = 5/10
Departure from orthogonality before re-orthogonalizing: 0.239275
Orthogonalized A
Iterative solve took 5 iterations
Orthogonality check A
Departure from orthogonality after re-orthogonalizing: 1.6432e-14
Step = 6/10
Departure from orthogonality before re-orthogonalizing: 0.239275
Orthogonalized A
Iterative solve took 5 iterations
Orthogonality check A
Departure from orthogonality after re-orthogonalizing: 1.6432e-14
Step = 7/10
Departure from orthogonality before re-orthogonalizing: 0.239275
Orthogonalized A
Iterative solve took 5 iterations
Orthogonality check A
Departure from orthogonality after re-orthogonalizing: 1.6432e-14
Step = 8/10
Departure from orthogonality before re-orthogonalizing: 0.239275
Orthogonalized A
Iterative solve took 5 iterations
Orthogonality check A
Departure from orthogonality after re-orthogonalizing: 1.6432e-14
Step = 9/10
Departure from orthogonality before re-orthogonalizing: 0.239275
Orthogonalized A
Iterative solve took 5 iterations
Orthogonality check A
Departure from orthogonality after re-orthogonalizing: 1.6432e-14
Timer: matrix_ortho                                      2.96e+01  / 2.96e+01  / 2.96e+01  / 1       / 1       / 1      
Timer: Replicated::allreduce                             3.33e-03  / 1.01e-02  / 1.69e-02  / 10      / 10      / 10     
Timer: Replicated::host_device_transfer                  3.28e-03  / 3.51e-03  / 3.73e-03  / 20      / 20      / 20     
Timer: Replicated::memory_initialization                 1.53e-04  / 1.55e-04  / 1.56e-04  / 10      / 10      / 10     
Timer: Replicated::host_array_allocation                 9.54e-06  / 1.14e-05  / 1.34e-05  / 10      / 10      / 10     
Timer: Replicated::pre_rescale                           6.96e-03  / 7.08e-03  / 7.20e-03  / 10      / 10      / 10     
Timer: Replicated::post_rescale                          6.13e-03  / 6.27e-03  / 6.42e-03  / 10      / 10      / 10     
Timer: Replicated::single_schulz_delta                   1.75e-02  / 1.82e-02  / 1.90e-02  / 10      / 10      / 10     
Timer: Matrix::compute_aTa                               3.97e+00  / 3.98e+00  / 3.98e+00  / 10      / 10      / 10     
Timer: Matrix::matrix_matrix_multiply                    5.17e-01  / 5.17e-01  / 5.17e-01  / 10      / 10      / 10     
Timer: Matrix::ortho                                     4.55e+00  / 4.55e+00  / 4.55e+00  / 10      / 10      / 10     
procs = 3 gpus = 3
% MAGMA 2.7.1 svn 32-bit magma_int_t, 64-bit pointer.
% Compiled with CUDA support for 7.0
% CUDA runtime 11060, driver 11070. OpenMP threads 3. 
% device 0: Tesla V100-PCIE-16GB, 1380.0 MHz clock, 16160.7 MiB memory, capability 7.0
% device 1: Tesla V100-PCIE-16GB, 1380.0 MHz clock, 16160.7 MiB memory, capability 7.0
% device 2: Tesla V100-PCIE-16GB, 1380.0 MHz clock, 16160.7 MiB memory, capability 7.0
% Tue Apr 18 14:49:28 2023
Warmup MPI...
Matrix size: 3000000x300
Step = 0/10
Departure from orthogonality before re-orthogonalizing: 0.239275
Orthogonalized A
Iterative solve took 5 iterations
Orthogonality check A
Departure from orthogonality after re-orthogonalizing: 1.30836e-14
Step = 1/10
Departure from orthogonality before re-orthogonalizing: 0.239275
Orthogonalized A
Iterative solve took 5 iterations
Orthogonality check A
Departure from orthogonality after re-orthogonalizing: 1.30836e-14
Step = 2/10
Departure from orthogonality before re-orthogonalizing: 0.239275
Orthogonalized A
Iterative solve took 5 iterations
Orthogonality check A
Departure from orthogonality after re-orthogonalizing: 1.30836e-14
Step = 3/10
Departure from orthogonality before re-orthogonalizing: 0.239275
Orthogonalized A
Iterative solve took 5 iterations
Orthogonality check A
Departure from orthogonality after re-orthogonalizing: 1.30836e-14
Step = 4/10
Departure from orthogonality before re-orthogonalizing: 0.239275
Orthogonalized A
Iterative solve took 5 iterations
Orthogonality check A
Departure from orthogonality after re-orthogonalizing: 1.30836e-14
Step = 5/10
Departure from orthogonality before re-orthogonalizing: 0.239275
Orthogonalized A
Iterative solve took 5 iterations
Orthogonality check A
Departure from orthogonality after re-orthogonalizing: 1.30836e-14
Step = 6/10
Departure from orthogonality before re-orthogonalizing: 0.239275
Orthogonalized A
Iterative solve took 5 iterations
Orthogonality check A
Departure from orthogonality after re-orthogonalizing: 1.30836e-14
Step = 7/10
Departure from orthogonality before re-orthogonalizing: 0.239275
Orthogonalized A
Iterative solve took 5 iterations
Orthogonality check A
Departure from orthogonality after re-orthogonalizing: 1.30836e-14
Step = 8/10
Departure from orthogonality before re-orthogonalizing: 0.239275
Orthogonalized A
Iterative solve took 5 iterations
Orthogonality check A
Departure from orthogonality after re-orthogonalizing: 1.30836e-14
Step = 9/10
Departure from orthogonality before re-orthogonalizing: 0.239275
Orthogonalized A
Iterative solve took 5 iterations
Orthogonality check A
Departure from orthogonality after re-orthogonalizing: 1.30836e-14
Timer: matrix_ortho                                      2.09e+01  / 2.09e+01  / 2.09e+01  / 1       / 1       / 1      
Timer: Replicated::allreduce                             5.76e-03  / 1.01e-02  / 1.48e-02  / 10      / 10      / 10     
Timer: Replicated::host_device_transfer                  3.70e-03  / 3.77e-03  / 3.85e-03  / 20      / 20      / 20     
Timer: Replicated::memory_initialization                 1.48e-04  / 1.53e-04  / 1.58e-04  / 10      / 10      / 10     
Timer: Replicated::host_array_allocation                 9.78e-06  / 1.12e-05  / 1.19e-05  / 10      / 10      / 10     
Timer: Replicated::pre_rescale                           7.10e-03  / 7.22e-03  / 7.41e-03  / 10      / 10      / 10     
Timer: Replicated::post_rescale                          5.80e-03  / 5.96e-03  / 6.12e-03  / 10      / 10      / 10     
Timer: Replicated::single_schulz_delta                   1.76e-02  / 1.81e-02  / 1.84e-02  / 10      / 10      / 10     
Timer: Matrix::compute_aTa                               2.64e+00  / 2.64e+00  / 2.65e+00  / 10      / 10      / 10     
Timer: Matrix::matrix_matrix_multiply                    3.43e-01  / 3.43e-01  / 3.43e-01  / 10      / 10      / 10     
Timer: Matrix::ortho                                     3.05e+00  / 3.05e+00  / 3.05e+00  / 10      / 10      / 10     
procs = 4 gpus = 4
% MAGMA 2.7.1 svn 32-bit magma_int_t, 64-bit pointer.
% Compiled with CUDA support for 7.0
% CUDA runtime 11060, driver 11070. OpenMP threads 4. 
% device 0: Tesla V100-PCIE-16GB, 1380.0 MHz clock, 16160.7 MiB memory, capability 7.0
% device 1: Tesla V100-PCIE-16GB, 1380.0 MHz clock, 16160.7 MiB memory, capability 7.0
% device 2: Tesla V100-PCIE-16GB, 1380.0 MHz clock, 16160.7 MiB memory, capability 7.0
% device 3: Tesla V100-PCIE-16GB, 1380.0 MHz clock, 16160.7 MiB memory, capability 7.0
% Tue Apr 18 14:49:51 2023
Warmup MPI...
Matrix size: 3000000x300
Step = 0/10
Departure from orthogonality before re-orthogonalizing: 0.239275
Orthogonalized A
Iterative solve took 5 iterations
Orthogonality check A
Departure from orthogonality after re-orthogonalizing: 1.6432e-14
Step = 1/10
Departure from orthogonality before re-orthogonalizing: 0.239275
Orthogonalized A
Iterative solve took 5 iterations
Orthogonality check A
Departure from orthogonality after re-orthogonalizing: 1.6432e-14
Step = 2/10
Departure from orthogonality before re-orthogonalizing: 0.239275
Orthogonalized A
Iterative solve took 5 iterations
Orthogonality check A
Departure from orthogonality after re-orthogonalizing: 1.6432e-14
Step = 3/10
Departure from orthogonality before re-orthogonalizing: 0.239275
Orthogonalized A
Iterative solve took 5 iterations
Orthogonality check A
Departure from orthogonality after re-orthogonalizing: 1.6432e-14
Step = 4/10
Departure from orthogonality before re-orthogonalizing: 0.239275
Orthogonalized A
Iterative solve took 5 iterations
Orthogonality check A
Departure from orthogonality after re-orthogonalizing: 1.6432e-14
Step = 5/10
Departure from orthogonality before re-orthogonalizing: 0.239275
Orthogonalized A
Iterative solve took 5 iterations
Orthogonality check A
Departure from orthogonality after re-orthogonalizing: 1.6432e-14
Step = 6/10
Departure from orthogonality before re-orthogonalizing: 0.239275
Orthogonalized A
Iterative solve took 5 iterations
Orthogonality check A
Departure from orthogonality after re-orthogonalizing: 1.6432e-14
Step = 7/10
Departure from orthogonality before re-orthogonalizing: 0.239275
Orthogonalized A
Iterative solve took 5 iterations
Orthogonality check A
Departure from orthogonality after re-orthogonalizing: 1.6432e-14
Step = 8/10
Departure from orthogonality before re-orthogonalizing: 0.239275
Orthogonalized A
Iterative solve took 5 iterations
Orthogonality check A
Departure from orthogonality after re-orthogonalizing: 1.6432e-14
Step = 9/10
Departure from orthogonality before re-orthogonalizing: 0.239275
Orthogonalized A
Iterative solve took 5 iterations
Orthogonality check A
Departure from orthogonality after re-orthogonalizing: 1.6432e-14
Timer: matrix_ortho                                      1.63e+01  / 1.63e+01  / 1.63e+01  / 1       / 1       / 1      
Timer: Replicated::allreduce                             6.28e-03  / 1.09e-02  / 1.50e-02  / 10      / 10      / 10     
Timer: Replicated::host_device_transfer                  3.73e-03  / 3.88e-03  / 4.00e-03  / 20      / 20      / 20     
Timer: Replicated::memory_initialization                 1.44e-04  / 1.59e-04  / 1.86e-04  / 10      / 10      / 10     
Timer: Replicated::host_array_allocation                 1.00e-05  / 1.13e-05  / 1.22e-05  / 10      / 10      / 10     
Timer: Replicated::pre_rescale                           6.91e-03  / 7.36e-03  / 8.24e-03  / 10      / 10      / 10     
Timer: Replicated::post_rescale                          5.89e-03  / 6.03e-03  / 6.15e-03  / 10      / 10      / 10     
Timer: Replicated::single_schulz_delta                   1.76e-02  / 1.83e-02  / 1.93e-02  / 10      / 10      / 10     
Timer: Matrix::compute_aTa                               1.98e+00  / 1.98e+00  / 1.99e+00  / 10      / 10      / 10     
Timer: Matrix::matrix_matrix_multiply                    2.58e-01  / 2.58e-01  / 2.59e-01  / 10      / 10      / 10     
Timer: Matrix::ortho                                     2.30e+00  / 2.30e+00  / 2.30e+00  / 10      / 10      / 10     
