9260 by 9260
% MAGMA 2.7.1 svn 32-bit magma_int_t, 64-bit pointer.
% Compiled with CUDA support for 7.0
% CUDA runtime 11060, driver 11070. OpenMP threads 4. 
% device 0: Tesla V100-PCIE-16GB, 1380.0 MHz clock, 16160.7 MiB memory, capability 7.0
% Mon Apr 17 17:44:38 2023
Warmup MPI...
Matrix size: 9260x9260
Step = 0/10
Departure from orthogonality before re-orthogonalizing: 0.0391574
Orthogonalized A
Iterative solve took 4 iterations
Orthogonality check A
Departure from orthogonality after re-orthogonalizing: 2.31846e-16
Step = 1/10
Departure from orthogonality before re-orthogonalizing: 0.0391574
Orthogonalized A
Iterative solve took 4 iterations
Orthogonality check A
Departure from orthogonality after re-orthogonalizing: 2.31846e-16
Step = 2/10
Departure from orthogonality before re-orthogonalizing: 0.0391574
Orthogonalized A
Iterative solve took 4 iterations
Orthogonality check A
Departure from orthogonality after re-orthogonalizing: 2.31846e-16
Step = 3/10
Departure from orthogonality before re-orthogonalizing: 0.0391574
Orthogonalized A
Iterative solve took 4 iterations
Orthogonality check A
Departure from orthogonality after re-orthogonalizing: 2.31846e-16
Step = 4/10
Departure from orthogonality before re-orthogonalizing: 0.0391574
Orthogonalized A
Iterative solve took 4 iterations
Orthogonality check A
Departure from orthogonality after re-orthogonalizing: 2.31846e-16
Step = 5/10
Departure from orthogonality before re-orthogonalizing: 0.0391574
Orthogonalized A
Iterative solve took 4 iterations
Orthogonality check A
Departure from orthogonality after re-orthogonalizing: 2.31846e-16
Step = 6/10
Departure from orthogonality before re-orthogonalizing: 0.0391574
Orthogonalized A
Iterative solve took 4 iterations
Orthogonality check A
Departure from orthogonality after re-orthogonalizing: 2.31846e-16
Step = 7/10
Departure from orthogonality before re-orthogonalizing: 0.0391574
Orthogonalized A
Iterative solve took 4 iterations
Orthogonality check A
Departure from orthogonality after re-orthogonalizing: 2.31846e-16
Step = 8/10
Departure from orthogonality before re-orthogonalizing: 0.0391574
Orthogonalized A
Iterative solve took 4 iterations
Orthogonality check A
Departure from orthogonality after re-orthogonalizing: 2.31846e-16
Step = 9/10
Departure from orthogonality before re-orthogonalizing: 0.0391574
Orthogonalized A
Iterative solve took 4 iterations
Orthogonality check A
Departure from orthogonality after re-orthogonalizing: 2.31846e-16
Timer: matrix_ortho                                      2.11e+02  / 2.11e+02  / 2.11e+02  / 1       / 1       / 1      
Timer: Replicated::allreduce                             2.10e+01  / 2.16e+01  / 2.27e+01  / 10      / 10      / 10     
Timer: Replicated::host_device_transfer                  3.60e+00  / 4.11e+00  / 4.43e+00  / 20      / 20      / 20     
Timer: Replicated::memory_initialization                 4.11e-04  / 6.32e-04  / 1.19e-03  / 10      / 10      / 10     
Timer: Replicated::host_array_allocation                 7.44e-03  / 7.90e-03  / 8.23e-03  / 10      / 10      / 10     
Timer: Replicated::pre_rescale                           1.16e-01  / 2.71e-01  / 3.86e-01  / 10      / 10      / 10     
Timer: Replicated::post_rescale                          8.86e-02  / 1.33e-01  / 1.67e-01  / 10      / 10      / 10     
Timer: Replicated::single_schulz_delta                   1.15e+02  / 1.20e+02  / 1.23e+02  / 10      / 10      / 10     
Timer: Matrix::compute_aTa                               3.11e-01  / 4.58e-01  / 7.06e-01  / 10      / 10      / 10     
Timer: Matrix::matrix_matrix_multiply                    2.64e-01  / 6.41e-01  / 8.93e-01  / 10      / 10      / 10     
Timer: Matrix::ortho                                     1.43e+02  / 1.47e+02  / 1.50e+02  / 10      / 10      / 10     
